14-Dec-2023 16:25:35.730 INFO [main] org.apache.catalina.startup.VersionLoggerListener.log Nom version serveur :              Apache Tomcat/10.1.16
14-Dec-2023 16:25:35.734 INFO [main] org.apache.catalina.startup.VersionLoggerListener.log Serveur compilé :                  Nov 10 2023 16:17:33 UTC
14-Dec-2023 16:25:35.734 INFO [main] org.apache.catalina.startup.VersionLoggerListener.log Version du serveur :               10.1.16.0
14-Dec-2023 16:25:35.734 INFO [main] org.apache.catalina.startup.VersionLoggerListener.log Nom de l'OS :                      Windows 11
14-Dec-2023 16:25:35.734 INFO [main] org.apache.catalina.startup.VersionLoggerListener.log Version OS :                       10.0
14-Dec-2023 16:25:35.735 INFO [main] org.apache.catalina.startup.VersionLoggerListener.log Architecture :                     amd64
14-Dec-2023 16:25:35.735 INFO [main] org.apache.catalina.startup.VersionLoggerListener.log Java Home :                        C:\Program Files\Java\jdk-19.0.1
14-Dec-2023 16:25:35.735 INFO [main] org.apache.catalina.startup.VersionLoggerListener.log Version JVM :                      19.0.1+10-21
14-Dec-2023 16:25:35.735 INFO [main] org.apache.catalina.startup.VersionLoggerListener.log Fournisseur de la JVM :            Oracle Corporation
14-Dec-2023 16:25:35.735 INFO [main] org.apache.catalina.startup.VersionLoggerListener.log CATALINA_BASE :                    D:\téléchargements\TrafficProject-20231214T150409Z-001\TrafficProject
14-Dec-2023 16:25:35.735 INFO [main] org.apache.catalina.startup.VersionLoggerListener.log CATALINA_HOME :                    D:\programmes\apache-tomcat-10.1.16-windows-x64\apache-tomcat-10.1.16
14-Dec-2023 16:25:35.747 INFO [main] org.apache.catalina.startup.VersionLoggerListener.log Argument de la ligne de commande : --add-opens=java.base/java.lang=ALL-UNNAMED
14-Dec-2023 16:25:35.747 INFO [main] org.apache.catalina.startup.VersionLoggerListener.log Argument de la ligne de commande : --add-opens=java.base/java.io=ALL-UNNAMED
14-Dec-2023 16:25:35.748 INFO [main] org.apache.catalina.startup.VersionLoggerListener.log Argument de la ligne de commande : --add-opens=java.base/java.util=ALL-UNNAMED
14-Dec-2023 16:25:35.748 INFO [main] org.apache.catalina.startup.VersionLoggerListener.log Argument de la ligne de commande : --add-opens=java.base/java.util.concurrent=ALL-UNNAMED
14-Dec-2023 16:25:35.748 INFO [main] org.apache.catalina.startup.VersionLoggerListener.log Argument de la ligne de commande : --add-opens=java.rmi/sun.rmi.transport=ALL-UNNAMED
14-Dec-2023 16:25:35.748 INFO [main] org.apache.catalina.startup.VersionLoggerListener.log Argument de la ligne de commande : -Dcatalina.home=D:\programmes\apache-tomcat-10.1.16-windows-x64\apache-tomcat-10.1.16
14-Dec-2023 16:25:35.749 INFO [main] org.apache.catalina.startup.VersionLoggerListener.log Argument de la ligne de commande : -Dcatalina.base=D:\téléchargements\TrafficProject-20231214T150409Z-001\TrafficProject
14-Dec-2023 16:25:35.749 INFO [main] org.apache.catalina.startup.VersionLoggerListener.log Argument de la ligne de commande : -Djava.io.tmpdir=D:\téléchargements\TrafficProject-20231214T150409Z-001\TrafficProject\temp
14-Dec-2023 16:25:35.749 INFO [main] org.apache.catalina.startup.VersionLoggerListener.log Argument de la ligne de commande : -Djava.util.logging.config.file=D:\téléchargements\TrafficProject-20231214T150409Z-001\TrafficProject\conf\logging.properties
14-Dec-2023 16:25:35.749 INFO [main] org.apache.catalina.startup.VersionLoggerListener.log Argument de la ligne de commande : -Djava.util.logging.manager=org.apache.juli.ClassLoaderLogManager
14-Dec-2023 16:25:35.749 INFO [main] org.apache.catalina.startup.VersionLoggerListener.log Argument de la ligne de commande : -javaagent:D:\programmes\IntelliJ IDEA 2023.3\lib\idea_rt.jar=51062:D:\programmes\IntelliJ IDEA 2023.3\bin
14-Dec-2023 16:25:35.749 INFO [main] org.apache.catalina.startup.VersionLoggerListener.log Argument de la ligne de commande : -Dfile.encoding=UTF-8
14-Dec-2023 16:25:35.749 INFO [main] org.apache.catalina.startup.VersionLoggerListener.log Argument de la ligne de commande : -Dsun.stdout.encoding=UTF-8
14-Dec-2023 16:25:35.749 INFO [main] org.apache.catalina.startup.VersionLoggerListener.log Argument de la ligne de commande : -Dsun.stderr.encoding=UTF-8
14-Dec-2023 16:25:35.751 INFO [main] org.apache.catalina.core.AprLifecycleListener.lifecycleEvent Chargement de la librairie Apache Tomcat Native [2.0.6] en utilisant APR version [1.7.4]
14-Dec-2023 16:25:35.757 INFO [main] org.apache.catalina.core.AprLifecycleListener.initializeSSL OpenSSL a été initialisé avec succès [OpenSSL 3.0.11 19 Sep 2023]
14-Dec-2023 16:25:35.985 INFO [main] org.apache.coyote.AbstractProtocol.init Initialisation du gestionnaire de protocole ["http-nio-8080"]
14-Dec-2023 16:25:35.994 SEVERE [main] org.apache.catalina.util.LifecycleBase.handleSubClassException Echec d'initialisation du composant [Connector["http-nio-8080"]]
	org.apache.catalina.LifecycleException: L'initialisation du gestionnaire de protocole a échoué
		at org.apache.catalina.connector.Connector.initInternal(Connector.java:1015)
		at org.apache.catalina.util.LifecycleBase.init(LifecycleBase.java:127)
		at org.apache.catalina.core.StandardService.initInternal(StandardService.java:554)
		at org.apache.catalina.util.LifecycleBase.init(LifecycleBase.java:127)
		at org.apache.catalina.core.StandardServer.initInternal(StandardServer.java:1010)
		at org.apache.catalina.util.LifecycleBase.init(LifecycleBase.java:127)
		at org.apache.catalina.startup.Catalina.load(Catalina.java:747)
		at org.apache.catalina.startup.Catalina.load(Catalina.java:769)
		at java.base/jdk.internal.reflect.DirectMethodHandleAccessor.invoke(DirectMethodHandleAccessor.java:104)
		at java.base/java.lang.reflect.Method.invoke(Method.java:578)
		at org.apache.catalina.startup.Bootstrap.load(Bootstrap.java:307)
		at org.apache.catalina.startup.Bootstrap.main(Bootstrap.java:477)
	Caused by: java.net.BindException: Address already in use: bind
		at java.base/sun.nio.ch.Net.bind0(Native Method)
		at java.base/sun.nio.ch.Net.bind(Net.java:555)
		at java.base/sun.nio.ch.ServerSocketChannelImpl.netBind(ServerSocketChannelImpl.java:344)
		at java.base/sun.nio.ch.ServerSocketChannelImpl.bind(ServerSocketChannelImpl.java:301)
		at org.apache.tomcat.util.net.NioEndpoint.initServerSocket(NioEndpoint.java:247)
		at org.apache.tomcat.util.net.NioEndpoint.bind(NioEndpoint.java:202)
		at org.apache.tomcat.util.net.AbstractEndpoint.bindWithCleanup(AbstractEndpoint.java:1280)
		at org.apache.tomcat.util.net.AbstractEndpoint.init(AbstractEndpoint.java:1293)
		at org.apache.coyote.AbstractProtocol.init(AbstractProtocol.java:624)
		at org.apache.coyote.http11.AbstractHttp11Protocol.init(AbstractHttp11Protocol.java:77)
		at org.apache.catalina.connector.Connector.initInternal(Connector.java:1013)
		... 11 more
14-Dec-2023 16:25:35.995 INFO [main] org.apache.catalina.startup.Catalina.load L'initialisation du serveur a pris [450] millisecondes
14-Dec-2023 16:25:36.038 INFO [main] org.apache.catalina.core.StandardService.startInternal Démarrage du service [Catalina]
14-Dec-2023 16:25:36.038 INFO [main] org.apache.catalina.core.StandardEngine.startInternal Démarrage du moteur de Servlets : [Apache Tomcat/10.1.16]
14-Dec-2023 16:25:36.050 INFO [main] org.apache.catalina.startup.HostConfig.deployDescriptor Déploiement du descripteur de configuration [D:\téléchargements\TrafficProject-20231214T150409Z-001\TrafficProject\conf\Catalina\localhost\TrafficProject.xml]
14-Dec-2023 16:25:36.070 WARNING [main] org.apache.catalina.startup.HostConfig.deployDescriptor L'attribut path avec la valeur [/App] dans le descripteur de déploiement [D:\téléchargements\TrafficProject-20231214T150409Z-001\TrafficProject\conf\Catalina\localhost\TrafficProject.xml] a été ignoré
14-Dec-2023 16:25:37.699 INFO [main] org.apache.jasper.servlet.TldScanner.scanJars Au moins un fichier JAR a été analysé pour trouver des TLDs mais il n'en contenait pas, le mode "debug" du journal peut être activé pour obtenir une liste complète de JAR scannés sans succès ; éviter d'analyser des JARs inutilement peut améliorer sensiblement le temps de démarrage et le temps de compilation des JSPs
14-Dec-2023 16:25:37.788 INFO [main] org.apache.catalina.startup.HostConfig.deployDescriptor Le traitement du descripteur de déploiement [D:\téléchargements\TrafficProject-20231214T150409Z-001\TrafficProject\conf\Catalina\localhost\TrafficProject.xml] a pris [1 736] ms
14-Dec-2023 16:25:37.794 INFO [main] org.apache.catalina.startup.Catalina.start Le démarrage du serveur a pris [1797] millisecondes
14-Dec-2023 18:02:57.836 INFO [Thread-1] org.apache.coyote.AbstractProtocol.pause Le gestionnaire de protocole ["http-nio-8080"] est mis en pause
14-Dec-2023 18:02:57.839 INFO [Thread-1] org.apache.catalina.core.StandardService.stopInternal Arrêt du service [Catalina]
14-Dec-2023 18:02:57.885 INFO [Thread-1] org.apache.coyote.AbstractProtocol.stop Arrêt du gestionnaire de protocole ["http-nio-8080"]
14-Dec-2023 18:02:57.887 INFO [Thread-1] org.apache.coyote.AbstractProtocol.destroy Destruction du gestionnaire de protocole ["http-nio-8080"]
